CCS PCM C Compiler, Version 5.015, 5967               28-Apr-26 12:29

               Filename:   I:\Imana\IBanT_Cours\IOT\Application 2.lst

               ROM used:   81 words (1%)
                           Largest free fragment is 2048
               RAM used:   6 (2%) at main() level
                           7 (2%) worst case
               Stack used: 1 locations
               Stack size: 8

*
0000:  MOVLW  00
0001:  MOVWF  0A
0002:  GOTO   018
0003:  NOP
.................... #include<16F877.h> 
.................... //////////// Standard Header file for the PIC16F877 device //////////////// 
.................... /////////////////////////////////////////////////////////////////////////// 
.................... ////        (C) Copyright 1996, 2013 Custom Computer Services          //// 
.................... //// This source code may only be used by licensed users of the CCS C  //// 
.................... //// compiler.  This source code may only be distributed to other      //// 
.................... //// licensed users of the CCS C compiler.  No other use, reproduction //// 
.................... //// or distribution is permitted without written permission.          //// 
.................... //// Derivative programs created using this software in object code    //// 
.................... //// form are not restricted in any way.                               //// 
.................... /////////////////////////////////////////////////////////////////////////// 
.................... #device PIC16F877 
....................  
.................... #list 
....................  
.................... #use delay(clock=20M) 
0004:  MOVLW  22
0005:  MOVWF  04
0006:  BCF    03.7
0007:  MOVF   00,W
0008:  BTFSC  03.2
0009:  GOTO   017
000A:  MOVLW  06
000B:  MOVWF  78
000C:  CLRF   77
000D:  DECFSZ 77,F
000E:  GOTO   00D
000F:  DECFSZ 78,F
0010:  GOTO   00C
0011:  MOVLW  7B
0012:  MOVWF  77
0013:  DECFSZ 77,F
0014:  GOTO   013
0015:  DECFSZ 00,F
0016:  GOTO   00A
0017:  RETURN
.................... #fuses HS 
....................  
.................... main(){ 
0018:  MOVF   03,W
0019:  ANDLW  1F
001A:  MOVWF  03
001B:  BSF    03.5
001C:  BSF    1F.0
001D:  BSF    1F.1
001E:  BSF    1F.2
001F:  BCF    1F.3
0020:  BCF    03.7
.................... while(1){ 
.................... output_high(pin_B0); 
0021:  BCF    06.0
0022:  BCF    03.5
0023:  BSF    06.0
.................... output_high(pin_B1); 
0024:  BSF    03.5
0025:  BCF    06.1
0026:  BCF    03.5
0027:  BSF    06.1
.................... output_high(pin_B2); 
0028:  BSF    03.5
0029:  BCF    06.2
002A:  BCF    03.5
002B:  BSF    06.2
.................... output_high(pin_B3); 
002C:  BSF    03.5
002D:  BCF    06.3
002E:  BCF    03.5
002F:  BSF    06.3
.................... delay_ms(500); 
0030:  MOVLW  02
0031:  MOVWF  21
0032:  MOVLW  FA
0033:  MOVWF  22
0034:  CALL   004
0035:  DECFSZ 21,F
0036:  GOTO   032
.................... output_low(pin_B0); 
0037:  BSF    03.5
0038:  BCF    06.0
0039:  BCF    03.5
003A:  BCF    06.0
.................... output_low(pin_B1); 
003B:  BSF    03.5
003C:  BCF    06.1
003D:  BCF    03.5
003E:  BCF    06.1
.................... output_low(pin_B2); 
003F:  BSF    03.5
0040:  BCF    06.2
0041:  BCF    03.5
0042:  BCF    06.2
.................... output_low(pin_B3); 
0043:  BSF    03.5
0044:  BCF    06.3
0045:  BCF    03.5
0046:  BCF    06.3
.................... delay_ms(500); 
0047:  MOVLW  02
0048:  MOVWF  21
0049:  MOVLW  FA
004A:  MOVWF  22
004B:  CALL   004
004C:  DECFSZ 21,F
004D:  GOTO   049
004E:  BSF    03.5
004F:  GOTO   021
.................... } 
.................... } 
0050:  SLEEP

Configuration Fuses:
   Word  1: 3F72   HS NOWDT PUT BROWNOUT NOLVP NOCPD NOWRT NODEBUG NOPROTECT
