
ROM used:   81/8192 (1%)
            81/8192 (1%) including unused fragments

            0.1 Average locations per line
            6.8 Average locations per statement

RAM used:   6/368 (2%) at main() level
            7/368 (2%) worst case

Stack used: 1 worst case (1 in main + 0 for interrupts)
Stack size: 8

Lines Stmts  %   Files
----- ----- ---  -----
   19    12 100  Application 2.c
  639     0   0  ..\..\..\Club informatique\PICC\Devices\16F877.h
----- -----
  658    12 Total

Page ROM  %  RAM   Vol Diff  Functions:
---- --- --- ---   --- ----  ----------
0     20  25    1             @delay_ms1
0     57  70    1   219  1.8  main
 Inline         0             @cinit1

Program metrics:
    Functions               1
    Statements              12
    Comments                111
    Volume (V)              223
    Difficulty (D)          1.7
    Effort to implement (E) 375
    Time to implement (T)   0 minutes
    Est Delivered Bugs (B)  0
    Cyclomatic Complexity   1
    Maintainability (MI)    74

 Segment     Used  Free
-----------  ----  ----
00000-00003     4  0  
00004-007FF    77  1967  
00800-00FFF     0  2048  
01000-017FF     0  2048  
01800-01FFF     0  2048  



