CCS PCM C Compiler, Version 5.015, 5967               14-Apr-26 15:26

               Filename:   I:\Imana\IBanT_Cours\IOT\TP1.lst

               ROM used:   57 words (1%)
                           Largest free fragment is 2048
               RAM used:   6 (2%) at main() level
                           7 (2%) worst case
               Stack used: 1 locations
               Stack size: 8

*
0000:  MOVLW  00
0001:  MOVWF  0A
0002:  GOTO   018
0003:  NOP
.................... #include<16F877.h> 
.................... //////////// Standard Header file for the PIC16F877 device //////////////// 
.................... /////////////////////////////////////////////////////////////////////////// 
.................... ////        (C) Copyright 1996, 2013 Custom Computer Services          //// 
.................... //// This source code may only be used by licensed users of the CCS C  //// 
.................... //// compiler.  This source code may only be distributed to other      //// 
.................... //// licensed users of the CCS C compiler.  No other use, reproduction //// 
.................... //// or distribution is permitted without written permission.          //// 
.................... //// Derivative programs created using this software in object code    //// 
.................... //// form are not restricted in any way.                               //// 
.................... /////////////////////////////////////////////////////////////////////////// 
.................... #device PIC16F877 
....................  
.................... #list 
....................  
.................... #use delay(clock=20M) 
0004:  MOVLW  22
0005:  MOVWF  04
0006:  BCF    03.7
0007:  MOVF   00,W
0008:  BTFSC  03.2
0009:  GOTO   017
000A:  MOVLW  06
000B:  MOVWF  78
000C:  CLRF   77
000D:  DECFSZ 77,F
000E:  GOTO   00D
000F:  DECFSZ 78,F
0010:  GOTO   00C
0011:  MOVLW  7B
0012:  MOVWF  77
0013:  DECFSZ 77,F
0014:  GOTO   013
0015:  DECFSZ 00,F
0016:  GOTO   00A
0017:  RETURN
.................... #fuses HS 
....................  
.................... main(){ 
0018:  MOVF   03,W
0019:  ANDLW  1F
001A:  MOVWF  03
001B:  BSF    03.5
001C:  BSF    1F.0
001D:  BSF    1F.1
001E:  BSF    1F.2
001F:  BCF    1F.3
0020:  BCF    03.7
.................... while(1){ 
.................... output_high(pin_B0); 
0021:  BCF    06.0
0022:  BCF    03.5
0023:  BSF    06.0
.................... delay_ms(500); 
0024:  MOVLW  02
0025:  MOVWF  21
0026:  MOVLW  FA
0027:  MOVWF  22
0028:  CALL   004
0029:  DECFSZ 21,F
002A:  GOTO   026
.................... output_low(pin_B0); 
002B:  BSF    03.5
002C:  BCF    06.0
002D:  BCF    03.5
002E:  BCF    06.0
.................... delay_ms(500); 
002F:  MOVLW  02
0030:  MOVWF  21
0031:  MOVLW  FA
0032:  MOVWF  22
0033:  CALL   004
0034:  DECFSZ 21,F
0035:  GOTO   031
0036:  BSF    03.5
0037:  GOTO   021
.................... } 
.................... } 
0038:  SLEEP

Configuration Fuses:
   Word  1: 3F72   HS NOWDT PUT BROWNOUT NOLVP NOCPD NOWRT NODEBUG NOPROTECT
