
ROM used:   57/8192 (1%)
            57/8192 (1%) including unused fragments

            0.1 Average locations per line
            9.5 Average locations per statement

RAM used:   6/368 (2%) at main() level
            7/368 (2%) worst case

Stack used: 1 worst case (1 in main + 0 for interrupts)
Stack size: 8

Lines Stmts  %   Files
----- ----- ---  -----
   13     6 100  TP1.c
  639     0   0  ..\..\..\Club informatique\PICC\Devices\16F877.h
----- -----
  652     6 Total

Page ROM  %  RAM   Vol Diff  Functions:
---- --- --- ---   --- ----  ----------
0     20  35    1             @delay_ms1
0     33  58    1    86  1.6  main
 Inline         0             @cinit1

Program metrics:
    Functions               1
    Statements              6
    Comments                111
    Volume (V)              90
    Difficulty (D)          1.4
    Effort to implement (E) 125
    Time to implement (T)   0 minutes
    Est Delivered Bugs (B)  0
    Cyclomatic Complexity   1
    Maintainability (MI)    90

 Segment     Used  Free
-----------  ----  ----
00000-00003     4  0  
00004-007FF    53  1991  
00800-00FFF     0  2048  
01000-017FF     0  2048  
01800-01FFF     0  2048  



