CCS PCM C Compiler, Version 5.015, 5967               28-Apr-26 14:04

               Filename:   I:\Imana\IBanT_Cours\IOT\TP4_1.lst

               ROM used:   83 words (1%)
                           Largest free fragment is 2048
               RAM used:   6 (2%) at main() level
                           7 (2%) worst case
               Stack used: 1 locations
               Stack size: 8

*
0000:  MOVLW  00
0001:  MOVWF  0A
0002:  GOTO   019
0003:  NOP
.................... #include<16F877.h> 
.................... //////////// Standard Header file for the PIC16F877 device //////////////// 
.................... /////////////////////////////////////////////////////////////////////////// 
.................... ////        (C) Copyright 1996, 2013 Custom Computer Services          //// 
.................... //// This source code may only be used by licensed users of the CCS C  //// 
.................... //// compiler.  This source code may only be distributed to other      //// 
.................... //// licensed users of the CCS C compiler.  No other use, reproduction //// 
.................... //// or distribution is permitted without written permission.          //// 
.................... //// Derivative programs created using this software in object code    //// 
.................... //// form are not restricted in any way.                               //// 
.................... /////////////////////////////////////////////////////////////////////////// 
.................... #device PIC16F877 
....................  
.................... #list 
....................  
.................... #use delay(clock=10M) 
0004:  MOVLW  22
0005:  MOVWF  04
0006:  BCF    03.7
0007:  MOVF   00,W
0008:  BTFSC  03.2
0009:  GOTO   018
000A:  MOVLW  03
000B:  MOVWF  78
000C:  CLRF   77
000D:  DECFSZ 77,F
000E:  GOTO   00D
000F:  DECFSZ 78,F
0010:  GOTO   00C
0011:  MOVLW  3C
0012:  MOVWF  77
0013:  DECFSZ 77,F
0014:  GOTO   013
0015:  GOTO   016
0016:  DECFSZ 00,F
0017:  GOTO   00A
0018:  RETURN
.................... #fuses HS 
....................  
.................... main(){ 
0019:  MOVF   03,W
001A:  ANDLW  1F
001B:  MOVWF  03
001C:  BSF    03.5
001D:  BSF    1F.0
001E:  BSF    1F.1
001F:  BSF    1F.2
0020:  BCF    1F.3
0021:  BCF    03.7
.................... while(1){ 
.................... output_B(0b00000001); 
0022:  CLRF   06
0023:  MOVLW  01
0024:  BCF    03.5
0025:  MOVWF  06
.................... delay_ms(500); 
0026:  MOVLW  02
0027:  MOVWF  21
0028:  MOVLW  FA
0029:  MOVWF  22
002A:  CALL   004
002B:  DECFSZ 21,F
002C:  GOTO   028
.................... output_B(0b00000010); 
002D:  BSF    03.5
002E:  CLRF   06
002F:  MOVLW  02
0030:  BCF    03.5
0031:  MOVWF  06
.................... delay_ms(500); 
0032:  MOVWF  21
0033:  MOVLW  FA
0034:  MOVWF  22
0035:  CALL   004
0036:  DECFSZ 21,F
0037:  GOTO   033
.................... output_B(0b00000100); 
0038:  BSF    03.5
0039:  CLRF   06
003A:  MOVLW  04
003B:  BCF    03.5
003C:  MOVWF  06
.................... delay_ms(500); 
003D:  MOVLW  02
003E:  MOVWF  21
003F:  MOVLW  FA
0040:  MOVWF  22
0041:  CALL   004
0042:  DECFSZ 21,F
0043:  GOTO   03F
.................... output_B(0b00001000); 
0044:  BSF    03.5
0045:  CLRF   06
0046:  MOVLW  08
0047:  BCF    03.5
0048:  MOVWF  06
.................... delay_ms(500); 
0049:  MOVLW  02
004A:  MOVWF  21
004B:  MOVLW  FA
004C:  MOVWF  22
004D:  CALL   004
004E:  DECFSZ 21,F
004F:  GOTO   04B
0050:  BSF    03.5
0051:  GOTO   022
.................... } 
.................... } 
0052:  SLEEP

Configuration Fuses:
   Word  1: 3F72   HS NOWDT PUT BROWNOUT NOLVP NOCPD NOWRT NODEBUG NOPROTECT
